2024-04-08 14:50:11.105 [79078] main/103/init.lua I> Tarantool 3.0.1-0-g31c2ddb310 Linux-x86_64-RelWithDebInfo
2024-04-08 14:50:11.106 [79078] main/103/init.lua I> log level 5 (INFO)
2024-04-08 14:50:11.106 [79078] main/103/init.lua I> wal/engine cleanup is paused
2024-04-08 14:50:11.106 [79078] main/103/init.lua I> mapping 268435456 bytes for memtx tuple arena...
2024-04-08 14:50:11.106 [79078] main/103/init.lua I> Actual slab_alloc_factor calculated on the basis of desired slab_alloc_factor = 1.044274
2024-04-08 14:50:11.106 [79078] main/103/init.lua I> mapping 134217728 bytes for vinyl tuple arena...
2024-04-08 14:50:11.109 [79078] main/103/init.lua I> update replication_synchro_quorum = 1
2024-04-08 14:50:11.109 [79078] main/103/init.lua I> instance uuid 21841a17-f288-49e2-8a13-7e08cfbcc014
2024-04-08 14:50:11.109 [79078] main/103/init.lua evio.c:364 E> tx_binary: failed to bind on 0.0.0.0:13301: bind, called on fd 21, aka 0.0.0.0:0: Address already in use
2024-04-08 14:50:11.109 [79078] main/103/init.lua evio.c:364 E> tx_binary: failed to bind on [::]:13301: bind, called on fd 21, aka [::]:0: Address already in use
2024-04-08 14:50:11.110 [79078] main/103/init.lua evio.c:368 E> SocketError: tx_binary: failed to bind, called on fd -1: Address already in use
2024-04-08 14:50:11.110 [79078] main/103/init.lua F> can't initialize storage: tx_binary: failed to bind, called on fd -1: Address already in use
2024-04-08 14:50:11.110 [79078] main/103/init.lua F> can't initialize storage: tx_binary: failed to bind, called on fd -1: Address already in use
2024-04-08 14:50:52.803 [79205] main/103/init.lua I> Tarantool 3.0.1-0-g31c2ddb310 Linux-x86_64-RelWithDebInfo
2024-04-08 14:50:52.803 [79205] main/103/init.lua I> log level 5 (INFO)
2024-04-08 14:50:52.803 [79205] main/103/init.lua I> wal/engine cleanup is paused
2024-04-08 14:50:52.803 [79205] main/103/init.lua I> mapping 268435456 bytes for memtx tuple arena...
2024-04-08 14:50:52.803 [79205] main/103/init.lua I> Actual slab_alloc_factor calculated on the basis of desired slab_alloc_factor = 1.044274
2024-04-08 14:50:52.804 [79205] main/103/init.lua I> mapping 134217728 bytes for vinyl tuple arena...
2024-04-08 14:50:52.807 [79205] main/103/init.lua I> update replication_synchro_quorum = 1
2024-04-08 14:50:52.807 [79205] main/103/init.lua I> instance uuid f5094e85-68c4-4b71-ad8f-33fb7c675fa2
2024-04-08 14:50:52.807 [79205] main/103/init.lua evio.c:364 E> tx_binary: failed to bind on 0.0.0.0:13301: bind, called on fd 21, aka 0.0.0.0:0: Address already in use
2024-04-08 14:50:52.807 [79205] main/103/init.lua evio.c:364 E> tx_binary: failed to bind on [::]:13301: bind, called on fd 21, aka [::]:0: Address already in use
2024-04-08 14:50:52.808 [79205] main/103/init.lua evio.c:368 E> SocketError: tx_binary: failed to bind, called on fd -1: Address already in use
2024-04-08 14:50:52.808 [79205] main/103/init.lua F> can't initialize storage: tx_binary: failed to bind, called on fd -1: Address already in use
2024-04-08 14:50:52.808 [79205] main/103/init.lua F> can't initialize storage: tx_binary: failed to bind, called on fd -1: Address already in use
